<?xml version="1.0" encoding="UTF-8"?>
<testsuite xmlns:xsi="http://www.w3.org/2001/XMLSchema-instance" xsi:noNamespaceSchemaLocation="https://maven.apache.org/surefire/maven-surefire-plugin/xsd/surefire-test-report.xsd" name="runners.TestRunner" time="40.744" tests="21" errors="0" skipped="0" failures="0">
  <properties>
[...]
</properties>
  <testcase name="Given User launched Modulr Customer Portal" classname="|  |  | This field is required |" time="0.003"/>
  <testcase name="When User provides &quot;&quot; and &quot;&quot;" classname="|  |  | This field is required |" time="0"/>
  <testcase name="Then The error &quot;This field is required&quot; displayed to the user" classname="|  |  | This field is required |" time="0"/>
  <testcase name="|  |  | This field is required |" classname="|  |  | This field is required |" time="0.704"/>
  <testcase name="Given User launched Modulr Customer Portal" classname="| dummyusername |  | This field is required |" time="0.001"/>
  <testcase name="When User provides &quot;dummyusername&quot; and &quot;&quot;" classname="| dummyusername |  | This field is required |" time="0"/>
  <testcase name="Then The error &quot;This field is required&quot; displayed to the user" classname="| dummyusername |  | This field is required |" time="0"/>
  <testcase name="| dummyusername |  | This field is required |" classname="| dummyusername |  | This field is required |" time="0.674"/>
  <testcase name="Given User launched Modulr Customer Portal" classname="|  | dummypassword | This field is required |" time="0"/>
  <testcase name="When User provides &quot;&quot; and &quot;dummypassword&quot;" classname="|  | dummypassword | This field is required |" time="0"/>
  <testcase name="Then The error &quot;This field is required&quot; displayed to the user" classname="|  | dummypassword | This field is required |" time="0"/>
  <testcase name="|  | dummypassword | This field is required |" classname="|  | dummypassword | This field is required |" time="0.698"/>
  <testcase name="Given User launched Modulr Customer Portal" classname="| dummyusername | dummypassword | The username or password is incorrect. |" time="0"/>
  <testcase name="When User provides &quot;dummyusername&quot; and &quot;dummypassword&quot;" classname="| dummyusername | dummypassword | The username or password is incorrect. |" time="0"/>
  <testcase name="Then The error &quot;The username or password is incorrect.&quot; displayed to the user" classname="| dummyusername | dummypassword | The username or password is incorrect. |" time="0"/>
  <testcase name="And Adequate warning for multiple attempts is displayed to the user" classname="| dummyusername | dummypassword | The username or password is incorrect. |" time="0"/>
  <testcase name="| dummyusername | dummypassword | The username or password is incorrect. |" classname="| dummyusername | dummypassword | The username or password is incorrect. |" time="0.716"/>
  <testcase name="Given User launched Modulr Customer Portal" classname="| Adesh.Mane42 | !Dummypassword1 |" time="0"/>
  <testcase name="When User provides &quot;Adesh.Mane42&quot; and &quot;!Dummypassword1&quot;" classname="| Adesh.Mane42 | !Dummypassword1 |" time="0"/>
  <testcase name="Then User navigates to account overview page" classname="| Adesh.Mane42 | !Dummypassword1 |" time="0"/>
  <testcase name="| Adesh.Mane42 | !Dummypassword1 |" classname="| Adesh.Mane42 | !Dummypassword1 |" time="0.688"/>
</testsuite>